# JRE version: Java(TM) SE Runtime Environment (8.0_51-b16) (build 1.8.0_51-b16)
# Java VM: Java HotSpot(TM) 64-Bit Server VM (25.51-b03 mixed mode windows-amd64 compressed oops)
Heap:
 PSYoungGen      total 3289088K, used 732277K [0x00000006ec000000, 0x00000007be400000, 0x00000007c0000000)
  eden space 3172352K, 21% used [0x00000006ec000000,0x00000007164094d0,0x00000007ada00000)
  from space 116736K, 34% used [0x00000007b7200000,0x00000007b9914300,0x00000007be400000)
  to   space 136192K, 0% used [0x00000007ada00000,0x00000007ada00000,0x00000007b5f00000)
 ParOldGen       total 716800K, used 646643K [0x0000000544000000, 0x000000056fc00000, 0x00000006ec000000)
  object space 716800K, 90% used [0x0000000544000000,0x000000056b77cc90,0x000000056fc00000)
 Metaspace       used 193587K, capacity 219734K, committed 219948K, reserved 1230848K
  class space    used 32004K, capacity 38907K, committed 38956K, reserved 1048576K
GC Heap History (10 events):
Event: 241.450 GC heap before
{Heap before GC invocations=63 (full 5):
 PSYoungGen      total 3371520K, used 3276384K [0x00000006ec000000, 0x00000007bfd00000, 0x00000007c0000000)
  eden space 3276288K, 100% used [0x00000006ec000000,0x00000007b3f80000,0x00000007b3f80000)
  from space 95232K, 0% used [0x00000007b3f80000,0x00000007b3f98000,0x00000007b9c80000)
  to   space 93184K, 0% used [0x00000007ba200000,0x00000007ba200000,0x00000007bfd00000)
 ParOldGen       total 716800K, used 438548K [0x0000000544000000, 0x000000056fc00000, 0x00000006ec000000)
  object space 716800K, 61% used [0x0000000544000000,0x000000055ec453d8,0x000000056fc00000)
 Metaspace       used 162472K, capacity 182322K, committed 182572K, reserved 1198080K
  class space    used 27890K, capacity 33814K, committed 33836K, reserved 1048576K
Event: 241.523 GC heap after
Heap after GC invocations=63 (full 5):
 PSYoungGen      total 3372032K, used 5599K [0x00000006ec000000, 0x00000007bf700000, 0x00000007c0000000)
  eden space 3284992K, 0% used [0x00000006ec000000,0x00000006ec000000,0x00000007b4800000)
  from space 87040K, 6% used [0x00000007ba200000,0x00000007ba777f88,0x00000007bf700000)
  to   space 89600K, 0% used [0x00000007b4800000,0x00000007b4800000,0x00000007b9f80000)
 ParOldGen       total 716800K, used 438580K [0x0000000544000000, 0x000000056fc00000, 0x00000006ec000000)
  object space 716800K, 61% used [0x0000000544000000,0x000000055ec4d3d8,0x000000056fc00000)
 Metaspace       used 162472K, capacity 182322K, committed 182572K, reserved 1198080K
  class space    used 27890K, capacity 33814K, committed 33836K, reserved 1048576K
}
Event: 300.831 GC heap before
{Heap before GC invocations=64 (full 5):
 PSYoungGen      total 3372032K, used 3290591K [0x00000006ec000000, 0x00000007bf700000, 0x00000007c0000000)
  eden space 3284992K, 100% used [0x00000006ec000000,0x00000007b4800000,0x00000007b4800000)
  from space 87040K, 6% used [0x00000007ba200000,0x00000007ba777f88,0x00000007bf700000)
  to   space 89600K, 0% used [0x00000007b4800000,0x00000007b4800000,0x00000007b9f80000)
 ParOldGen       total 716800K, used 438583K [0x0000000544000000, 0x000000056fc00000, 0x00000006ec000000)
  object space 716800K, 61% used [0x0000000544000000,0x000000055ec4dd60,0x000000056fc00000)
 Metaspace       used 176805K, capacity 198876K, committed 199084K, reserved 1212416K
  class space    used 29856K, capacity 36167K, committed 36268K, reserved 1048576K
Event: 300.977 GC heap after
Heap after GC invocations=64 (full 5):
 PSYoungGen      total 3366400K, used 81250K [0x00000006ec000000, 0x00000007c0000000, 0x00000007c0000000)
  eden space 3284992K, 0% used [0x00000006ec000000,0x00000006ec000000,0x00000007b4800000)
  from space 81408K, 99% used [0x00000007b4800000,0x00000007b9758b10,0x00000007b9780000)
  to   space 104448K, 0% used [0x00000007b9a00000,0x00000007b9a00000,0x00000007c0000000)
 ParOldGen       total 716800K, used 443951K [0x0000000544000000, 0x000000056fc00000, 0x00000006ec000000)
  object space 716800K, 61% used [0x0000000544000000,0x000000055f18bdd0,0x000000056fc00000)
 Metaspace       used 176805K, capacity 198876K, committed 199084K, reserved 1212416K
  class space    used 29856K, capacity 36167K, committed 36268K, reserved 1048576K
}
Event: 382.565 GC heap before
{Heap before GC invocations=65 (full 5):
 PSYoungGen      total 3366400K, used 3366199K [0x00000006ec000000, 0x00000007c0000000, 0x00000007c0000000)
  eden space 3284992K, 99% used [0x00000006ec000000,0x00000007b47f5238,0x00000007b4800000)
  from space 81408K, 99% used [0x00000007b4800000,0x00000007b9758b10,0x00000007b9780000)
  to   space 104448K, 0% used [0x00000007b9a00000,0x00000007b9a00000,0x00000007c0000000)
 ParOldGen       total 716800K, used 443951K [0x0000000544000000, 0x000000056fc00000, 0x00000006ec000000)
  object space 716800K, 61% used [0x0000000544000000,0x000000055f18bdd0,0x000000056fc00000)
 Metaspace       used 181150K, capacity 204574K, committed 204716K, reserved 1216512K
  class space    used 30478K, capacity 37001K, committed 37036K, reserved 1048576K
Event: 383.128 GC heap after
Heap after GC invocations=65 (full 5):
 PSYoungGen      total 3266560K, used 104430K [0x00000006ec000000, 0x00000007c0000000, 0x00000007c0000000)
  eden space 3162112K, 0% used [0x00000006ec000000,0x00000006ec000000,0x00000007ad000000)
  from space 104448K, 99% used [0x00000007b9a00000,0x00000007bfffb840,0x00000007c0000000)
  to   space 155648K, 0% used [0x00000007ad000000,0x00000007ad000000,0x00000007b6800000)
 ParOldGen       total 716800K, used 527009K [0x0000000544000000, 0x000000056fc00000, 0x00000006ec000000)
  object space 716800K, 73% used [0x0000000544000000,0x00000005642a8790,0x000000056fc00000)
 Metaspace       used 181150K, capacity 204574K, committed 204716K, reserved 1216512K
  class space    used 30478K, capacity 37001K, committed 37036K, reserved 1048576K
}
Event: 398.890 GC heap before
{Heap before GC invocations=66 (full 5):
 PSYoungGen      total 3266560K, used 3266542K [0x00000006ec000000, 0x00000007c0000000, 0x00000007c0000000)
  eden space 3162112K, 100% used [0x00000006ec000000,0x00000007ad000000,0x00000007ad000000)
  from space 104448K, 99% used [0x00000007b9a00000,0x00000007bfffb840,0x00000007c0000000)
  to   space 155648K, 0% used [0x00000007ad000000,0x00000007ad000000,0x00000007b6800000)
 ParOldGen       total 716800K, used 527009K [0x0000000544000000, 0x000000056fc00000, 0x00000006ec000000)
  object space 716800K, 73% used [0x0000000544000000,0x00000005642a8790,0x000000056fc00000)
 Metaspace       used 186985K, capacity 211462K, committed 211628K, reserved 1222656K
  class space    used 31259K, capacity 37953K, committed 38060K, reserved 1048576K
Event: 399.066 GC heap after
Heap after GC invocations=66 (full 5):
 PSYoungGen      total 3317760K, used 40468K [0x00000006ec000000, 0x00000007c0000000, 0x00000007c0000000)
  eden space 3162112K, 0% used [0x00000006ec000000,0x00000006ec000000,0x00000007ad000000)
  from space 155648K, 26% used [0x00000007ad000000,0x00000007af7851f0,0x00000007b6800000)
  to   space 145408K, 0% used [0x00000007b7200000,0x00000007b7200000,0x00000007c0000000)
 ParOldGen       total 716800K, used 617828K [0x0000000544000000, 0x000000056fc00000, 0x00000006ec000000)
  object space 716800K, 86% used [0x0000000544000000,0x0000000569b59248,0x000000056fc00000)
 Metaspace       used 186985K, capacity 211462K, committed 211628K, reserved 1222656K
  class space    used 31259K, capacity 37953K, committed 38060K, reserved 1048576K
}
Event: 420.357 GC heap before
{Heap before GC invocations=67 (full 5):
 PSYoungGen      total 3317760K, used 3202580K [0x00000006ec000000, 0x00000007c0000000, 0x00000007c0000000)
  eden space 3162112K, 100% used [0x00000006ec000000,0x00000007ad000000,0x00000007ad000000)
  from space 155648K, 26% used [0x00000007ad000000,0x00000007af7851f0,0x00000007b6800000)
  to   space 145408K, 0% used [0x00000007b7200000,0x00000007b7200000,0x00000007c0000000)
 ParOldGen       total 716800K, used 617828K [0x0000000544000000, 0x000000056fc00000, 0x00000006ec000000)
  object space 716800K, 86% used [0x0000000544000000,0x0000000569b59248,0x000000056fc00000)
 Metaspace       used 192913K, capacity 218872K, committed 219180K, reserved 1228800K
  class space    used 31956K, capacity 38862K, committed 38956K, reserved 1048576K
Event: 420.520 GC heap after
Heap after GC invocations=67 (full 5):
 PSYoungGen      total 3289088K, used 40016K [0x00000006ec000000, 0x00000007be400000, 0x00000007c0000000)
  eden space 3172352K, 0% used [0x00000006ec000000,0x00000006ec000000,0x00000007ada00000)
  from space 116736K, 34% used [0x00000007b7200000,0x00000007b9914300,0x00000007be400000)
  to   space 136192K, 0% used [0x00000007ada00000,0x00000007ada00000,0x00000007b5f00000)
 ParOldGen       total 716800K, used 646643K [0x0000000544000000, 0x000000056fc00000, 0x00000006ec000000)
  object space 716800K, 90% used [0x0000000544000000,0x000000056b77cc90,0x000000056fc00000)
 Metaspace       used 192913K, capacity 218872K, committed 219180K, reserved 1228800K
  class space    used 31956K, capacity 38862K, committed 38956K, reserved 1048576K
}

